<?xml version="1.0" encoding="UTF-8"?>
<!-- Generated by org.testng.reporters.JUnitXMLReporter -->
<testsuite ignored="1" hostname="DESKTOP-TKK594A" failures="0" tests="5" name="Car Loan" time="0.129" errors="0" timestamp="2023-03-31T07:33:35 IST">
  <testcase classname="test.day3" name="Weblogincarloan" time="0.012"/>
  <testcase classname="test.day3" name="Mobilesignoutcarloan" time="0.002"/>
  <testcase classname="test.day3" name="Mobilesignoutcarloan" time="0.005"/>
  <testcase classname="test.day3" name="Mobilesignoutcarloan" time="0.003"/>
  <testcase classname="test.day3" name="APILogincarloan" time="0.002"/>
  <testcase classname="test.day3" name="MobileLogincarloan" time="0.0">
    <ignored/>
  </testcase> <!-- MobileLogincarloan -->
</testsuite> <!-- Car Loan -->
