<?xml version="1.0" encoding="UTF-8"?>
<!-- Generated by org.testng.reporters.JUnitXMLReporter -->
<testsuite ignored="0" hostname="DESKTOP-TKK594A" failures="0" tests="3" name="Home Loan" time="0.018" errors="0" timestamp="2023-03-29T15:39:41 IST">
  <testcase classname="test.day4" name="LoginAPIhomeloan" time="0.002"/>
  <testcase classname="test.day4" name="MobileLoginhomeloan" time="0.002"/>
  <testcase classname="test.day4" name="Webloginhomeloan" time="0.002"/>
</testsuite> <!-- Home Loan -->
