<?xml version="1.0" encoding="UTF-8"?>
<!-- Generated by org.testng.reporters.JUnitXMLReporter -->
<testsuite ignored="3" hostname="DESKTOP-TKK594A" failures="0" tests="8" name="Regression" time="0.176" errors="0" timestamp="2023-03-29T17:02:37 IST">
  <testcase classname="test.day1" name="secondTest" time="0.013"/>
  <testcase classname="test.day2" name="ploan" time="0.006"/>
  <testcase classname="test.day4" name="LoginAPIhomeloan" time="0.002"/>
  <testcase classname="test.day4" name="MobileLoginhomeloan" time="0.007"/>
  <testcase classname="test.day3" name="LoginAPIcarloan" time="0.008"/>
  <testcase classname="test.day3" name="MobileLogincarloan" time="0.003"/>
  <testcase classname="test.day3" name="Mobilesignoutcarloan" time="0.004"/>
  <testcase classname="test.day3" name="Weblogincarloan" time="0.004"/>
  <testcase classname="test.day4" name="Webloginhomeloan" time="0.0">
    <ignored/>
  </testcase> <!-- Webloginhomeloan -->
  <testcase classname="test.day3" name="Mobilesigncarloan" time="0.0">
    <ignored/>
  </testcase> <!-- Mobilesigncarloan -->
  <testcase classname="test.day1" name="Demo" time="0.0">
    <ignored/>
  </testcase> <!-- Demo -->
</testsuite> <!-- Regression -->
