<?xml version="1.0" encoding="UTF-8"?>
<!-- Generated by org.testng.reporters.JUnitXMLReporter -->
<testsuite ignored="1" hostname="DESKTOP-TKK594A" failures="0" tests="5" name="Default test" time="0.121" errors="0" timestamp="2023-03-30T16:17:13 IST">
  <testcase classname="test.day3" name="Weblogincarloan" time="0.009"/>
  <testcase classname="test.day3" name="Mobilesignoutcarloan" time="0.003"/>
  <testcase classname="test.day3" name="Mobilesignoutcarloan" time="0.005"/>
  <testcase classname="test.day3" name="Mobilesignoutcarloan" time="0.006"/>
  <testcase classname="test.day3" name="APILogincarloan" time="0.004"/>
  <testcase classname="test.day3" name="MobileLogincarloan" time="0.0">
    <ignored/>
  </testcase> <!-- MobileLogincarloan -->
</testsuite> <!-- Default test -->
